  [1m[35m (310.4ms)[0m  [1m[35mCREATE DATABASE "Cats_development" ENCODING = 'unicode'[0m
  ↳ bin/rails:9
  [1m[35m (159.6ms)[0m  [1m[35mCREATE DATABASE "Cats_test" ENCODING = 'unicode'[0m
  ↳ bin/rails:9
  [1m[35m (46.3ms)[0m  [1m[35mCREATE TABLE "schema_migrations" ("version" character varying NOT NULL PRIMARY KEY)[0m
  ↳ bin/rails:9
  [1m[35m (22.9ms)[0m  [1m[35mCREATE TABLE "ar_internal_metadata" ("key" character varying NOT NULL PRIMARY KEY, "value" character varying, "created_at" timestamp NOT NULL, "updated_at" timestamp NOT NULL)[0m
  ↳ bin/rails:9
  [1m[35m (1.5ms)[0m  [1m[34mSELECT pg_try_advisory_lock(53283042395386965)[0m
  ↳ bin/rails:9
  [1m[35m (1.4ms)[0m  [1m[34mSELECT "schema_migrations"."version" FROM "schema_migrations" ORDER BY "schema_migrations"."version" ASC[0m
  ↳ bin/rails:9
Migrating to CreateCats (20200904190157)
  [1m[35m (0.2ms)[0m  [1m[35mBEGIN[0m
  ↳ bin/rails:9
  [1m[35m (52.1ms)[0m  [1m[35mCREATE TABLE "cats" ("id" bigserial primary key, "birth_date" date NOT NULL, "color" character varying NOT NULL, "name" character varying NOT NULL, "sex" character varying(1), "description" text NOT NULL, "created_at" timestamp NOT NULL, "updated_at" timestamp NOT NULL)[0m
  ↳ db/migrate/20200904190157_create_cats.rb:3
  [1m[35m (7.3ms)[0m  [1m[35mCREATE  INDEX  "index_cats_on_color" ON "cats"  ("color")[0m
  ↳ db/migrate/20200904190157_create_cats.rb:12
  [1m[35m (8.1ms)[0m  [1m[35mCREATE  INDEX  "index_cats_on_name" ON "cats"  ("name")[0m
  ↳ db/migrate/20200904190157_create_cats.rb:13
  [1m[35m (13.8ms)[0m  [1m[35mCREATE  INDEX  "index_cats_on_sex" ON "cats"  ("sex")[0m
  ↳ db/migrate/20200904190157_create_cats.rb:14
  [1m[35m (32.9ms)[0m  [1m[35mCREATE  INDEX  "index_cats_on_birth_date" ON "cats"  ("birth_date")[0m
  ↳ db/migrate/20200904190157_create_cats.rb:15
  [1m[36mActiveRecord::SchemaMigration Create (96.7ms)[0m  [1m[32mINSERT INTO "schema_migrations" ("version") VALUES ($1) RETURNING "version"[0m  [["version", "20200904190157"]]
  ↳ bin/rails:9
  [1m[35m (1.7ms)[0m  [1m[35mCOMMIT[0m
  ↳ bin/rails:9
  [1m[36mActiveRecord::InternalMetadata Load (37.9ms)[0m  [1m[34mSELECT  "ar_internal_metadata".* FROM "ar_internal_metadata" WHERE "ar_internal_metadata"."key" = $1 LIMIT $2[0m  [["key", "environment"], ["LIMIT", 1]]
  ↳ bin/rails:9
  [1m[35m (0.1ms)[0m  [1m[35mBEGIN[0m
  ↳ bin/rails:9
  [1m[36mActiveRecord::InternalMetadata Create (8.7ms)[0m  [1m[32mINSERT INTO "ar_internal_metadata" ("key", "value", "created_at", "updated_at") VALUES ($1, $2, $3, $4) RETURNING "key"[0m  [["key", "environment"], ["value", "development"], ["created_at", "2020-09-04 19:12:26.217397"], ["updated_at", "2020-09-04 19:12:26.217397"]]
  ↳ bin/rails:9
  [1m[35m (12.8ms)[0m  [1m[35mCOMMIT[0m
  ↳ bin/rails:9
  [1m[35m (0.5ms)[0m  [1m[34mSELECT pg_advisory_unlock(53283042395386965)[0m
  ↳ bin/rails:9
  [1m[35m (1.5ms)[0m  [1m[34mSELECT "schema_migrations"."version" FROM "schema_migrations" ORDER BY "schema_migrations"."version" ASC[0m
  ↳ bin/rails:9
  [1m[35m (0.9ms)[0m  [1m[34mSELECT "schema_migrations"."version" FROM "schema_migrations" ORDER BY "schema_migrations"."version" ASC[0m
  ↳ bin/rails:9
  [1m[35m (0.9ms)[0m  [1m[34mSELECT "schema_migrations"."version" FROM "schema_migrations" ORDER BY "schema_migrations"."version" ASC[0m
  ↳ bin/rails:9
  [1m[35m (0.2ms)[0m  [1m[35mBEGIN[0m
  ↳ db/seeds.rb:9
  [1m[36mCat Create (10.3ms)[0m  [1m[32mINSERT INTO "cats" ("birth_date", "color", "name", "sex", "description", "created_at", "updated_at") VALUES ($1, $2, $3, $4, $5, $6, $7) RETURNING "id"[0m  [["birth_date", "2020-09-04"], ["color", "Orange"], ["name", "Garfield"], ["sex", "M"], ["description", "This is Garfield!"], ["created_at", "2020-09-04 21:04:05.574408"], ["updated_at", "2020-09-04 21:04:05.574408"]]
  ↳ db/seeds.rb:9
  [1m[35m (0.5ms)[0m  [1m[35mCOMMIT[0m
  ↳ db/seeds.rb:9
  [1m[36mCat Load (1.2ms)[0m  [1m[34mSELECT  "cats".* FROM "cats" LIMIT $1[0m  [["LIMIT", 11]]
  [1m[35m (1.0ms)[0m  [1m[34mSELECT "schema_migrations"."version" FROM "schema_migrations" ORDER BY "schema_migrations"."version" ASC[0m
  ↳ bin/rails:9
  [1m[35m (0.2ms)[0m  [1m[35mBEGIN[0m
  ↳ db/seeds.rb:10
  [1m[36mCat Create (1.0ms)[0m  [1m[32mINSERT INTO "cats" ("birth_date", "color", "name", "sex", "description", "created_at", "updated_at") VALUES ($1, $2, $3, $4, $5, $6, $7) RETURNING "id"[0m  [["birth_date", "2010-10-04"], ["color", "White"], ["name", "Luna"], ["sex", "F"], ["description", "Luna the cat"], ["created_at", "2020-09-04 21:07:49.613765"], ["updated_at", "2020-09-04 21:07:49.613765"]]
  ↳ db/seeds.rb:10
  [1m[35m (4.7ms)[0m  [1m[35mCOMMIT[0m
  ↳ db/seeds.rb:10
  [1m[35m (0.1ms)[0m  [1m[35mBEGIN[0m
  ↳ db/seeds.rb:11
  [1m[36mCat Create (0.4ms)[0m  [1m[32mINSERT INTO "cats" ("birth_date", "color", "name", "sex", "description", "created_at", "updated_at") VALUES ($1, $2, $3, $4, $5, $6, $7) RETURNING "id"[0m  [["birth_date", "2015-05-25"], ["color", "Black"], ["name", "Shadow"], ["sex", "F"], ["description", "Shadow and Luna are friends!"], ["created_at", "2020-09-04 21:07:49.621733"], ["updated_at", "2020-09-04 21:07:49.621733"]]
  ↳ db/seeds.rb:11
  [1m[35m (0.4ms)[0m  [1m[35mCOMMIT[0m
  ↳ db/seeds.rb:11
  [1m[36mCat Load (0.8ms)[0m  [1m[34mSELECT  "cats".* FROM "cats" LIMIT $1[0m  [["LIMIT", 11]]
Started GET "/" for ::1 at 2020-09-04 14:16:00 -0700
  [1m[35m (2.3ms)[0m  [1m[34mSELECT "schema_migrations"."version" FROM "schema_migrations" ORDER BY "schema_migrations"."version" ASC[0m
  ↳ /Users/brandonleong/.rbenv/versions/2.5.1/lib/ruby/gems/2.5.0/gems/activerecord-5.2.4.3/lib/active_record/log_subscriber.rb:98
Processing by Rails::WelcomeController#index as HTML
  Rendering /Users/brandonleong/.rbenv/versions/2.5.1/lib/ruby/gems/2.5.0/gems/railties-5.2.4.3/lib/rails/templates/rails/welcome/index.html.erb
  Rendered /Users/brandonleong/.rbenv/versions/2.5.1/lib/ruby/gems/2.5.0/gems/railties-5.2.4.3/lib/rails/templates/rails/welcome/index.html.erb (7.7ms)
Completed 200 OK in 37ms (Views: 17.6ms | ActiveRecord: 0.0ms)


Started GET "/cats" for ::1 at 2020-09-04 14:16:14 -0700
Processing by CatsController#index as HTML
  Rendering cats/index.html.erb within layouts/application
  [1m[36mCat Load (1.0ms)[0m  [1m[34mSELECT "cats".* FROM "cats"[0m
  ↳ app/views/cats/index.html.erb:5
  Rendered cats/index.html.erb within layouts/application (35.6ms)
Completed 500 Internal Server Error in 55ms (ActiveRecord: 9.4ms)


  
ActionView::Template::Error (Missing partial cats/_cat with {:locale=>[:en], :formats=>[:html], :variants=>[], :handlers=>[:raw, :erb, :html, :builder, :ruby, :coffee, :jbuilder]}. Searched in:
  * "/Users/brandonleong/Desktop/W6D5/Cats/app/views"
):
    3: <ul>
    4: 
    5:     <%@cats.each do |cat|%>
    6:         <%= render cat  %>
    7:     <% end %>
    8: 
    9: <ul>
  
app/views/cats/index.html.erb:6:in `block in _app_views_cats_index_html_erb___4214228489029654553_70261788303540'
app/views/cats/index.html.erb:5:in `_app_views_cats_index_html_erb___4214228489029654553_70261788303540'
app/controllers/cats_controller.rb:4:in `index'
Started GET "/" for 127.0.0.1 at 2020-09-04 14:17:46 -0700
Processing by Rails::WelcomeController#index as HTML
  Rendering /Users/brandonleong/.rbenv/versions/2.5.1/lib/ruby/gems/2.5.0/gems/railties-5.2.4.3/lib/rails/templates/rails/welcome/index.html.erb
  Rendered /Users/brandonleong/.rbenv/versions/2.5.1/lib/ruby/gems/2.5.0/gems/railties-5.2.4.3/lib/rails/templates/rails/welcome/index.html.erb (2.9ms)
Completed 200 OK in 15ms (Views: 8.2ms | ActiveRecord: 0.0ms)


Started GET "/_cats" for 127.0.0.1 at 2020-09-04 14:17:52 -0700
  
ActionController::RoutingError (No route matches [GET] "/_cats"):
  
actionpack (5.2.4.3) lib/action_dispatch/middleware/debug_exceptions.rb:65:in `call'
web-console (3.7.0) lib/web_console/middleware.rb:135:in `call_app'
web-console (3.7.0) lib/web_console/middleware.rb:30:in `block in call'
web-console (3.7.0) lib/web_console/middleware.rb:20:in `catch'
web-console (3.7.0) lib/web_console/middleware.rb:20:in `call'
actionpack (5.2.4.3) lib/action_dispatch/middleware/show_exceptions.rb:33:in `call'
railties (5.2.4.3) lib/rails/rack/logger.rb:38:in `call_app'
railties (5.2.4.3) lib/rails/rack/logger.rb:26:in `block in call'
activesupport (5.2.4.3) lib/active_support/tagged_logging.rb:71:in `block in tagged'
activesupport (5.2.4.3) lib/active_support/tagged_logging.rb:28:in `tagged'
activesupport (5.2.4.3) lib/active_support/tagged_logging.rb:71:in `tagged'
railties (5.2.4.3) lib/rails/rack/logger.rb:26:in `call'
sprockets-rails (3.2.1) lib/sprockets/rails/quiet_assets.rb:13:in `call'
actionpack (5.2.4.3) lib/action_dispatch/middleware/remote_ip.rb:81:in `call'
actionpack (5.2.4.3) lib/action_dispatch/middleware/request_id.rb:27:in `call'
rack (2.2.3) lib/rack/method_override.rb:24:in `call'
rack (2.2.3) lib/rack/runtime.rb:22:in `call'
activesupport (5.2.4.3) lib/active_support/cache/strategy/local_cache_middleware.rb:29:in `call'
actionpack (5.2.4.3) lib/action_dispatch/middleware/executor.rb:14:in `call'
actionpack (5.2.4.3) lib/action_dispatch/middleware/static.rb:127:in `call'
rack (2.2.3) lib/rack/sendfile.rb:110:in `call'
railties (5.2.4.3) lib/rails/engine.rb:524:in `call'
puma (3.12.6) lib/puma/configuration.rb:227:in `call'
puma (3.12.6) lib/puma/server.rb:706:in `handle_request'
puma (3.12.6) lib/puma/server.rb:476:in `process_client'
puma (3.12.6) lib/puma/server.rb:334:in `block in run'
puma (3.12.6) lib/puma/thread_pool.rb:135:in `block in spawn_thread'
Started GET "/cats" for 127.0.0.1 at 2020-09-04 14:18:21 -0700
Processing by CatsController#index as HTML
  Rendering cats/index.html.erb within layouts/application
  [1m[36mCat Load (16.7ms)[0m  [1m[34mSELECT "cats".* FROM "cats"[0m
  ↳ app/views/cats/index.html.erb:5
  Rendered cats/index.html.erb within layouts/application (53.5ms)
Completed 500 Internal Server Error in 72ms (ActiveRecord: 16.7ms)


  
ActionView::Template::Error (Missing partial cats/_cat with {:locale=>[:en], :formats=>[:html], :variants=>[], :handlers=>[:raw, :erb, :html, :builder, :ruby, :coffee, :jbuilder]}. Searched in:
  * "/Users/brandonleong/Desktop/W6D5/Cats/app/views"
):
    3: <ul>
    4: 
    5:     <% @cats.each do |cat| %>
    6:         <%= render cat  %>
    7:     <% end %>
    8: 
    9: <ul>
  
app/views/cats/index.html.erb:6:in `block in _app_views_cats_index_html_erb___4214228489029654553_70261814739700'
app/views/cats/index.html.erb:5:in `_app_views_cats_index_html_erb___4214228489029654553_70261814739700'
app/controllers/cats_controller.rb:4:in `index'
Started GET "/cats" for ::1 at 2020-09-04 14:21:09 -0700
Processing by CatsController#index as HTML
  Rendering cats/index.html.erb within layouts/application
  [1m[36mCat Load (0.7ms)[0m  [1m[34mSELECT "cats".* FROM "cats"[0m
  ↳ app/views/cats/index.html.erb:5
  Rendered cats/index.html.erb within layouts/application (14.9ms)
Completed 500 Internal Server Error in 31ms (ActiveRecord: 0.7ms)


  
ActionView::Template::Error (Missing partial cats/_cat, application/_cat with {:locale=>[:en], :formats=>[:html], :variants=>[], :handlers=>[:raw, :erb, :html, :builder, :ruby, :coffee, :jbuilder]}. Searched in:
  * "/Users/brandonleong/Desktop/W6D5/Cats/app/views"
):
    3: <ul>
    4: 
    5:     <% @cats.each do |cat| %>
    6:         <%= render 'cat'  %>
    7:     <% end %>
    8: 
    9: <ul>
  
app/views/cats/index.html.erb:6:in `block in _app_views_cats_index_html_erb___4214228489029654553_70261782424140'
app/views/cats/index.html.erb:5:in `_app_views_cats_index_html_erb___4214228489029654553_70261782424140'
app/controllers/cats_controller.rb:4:in `index'
Started GET "/cats" for 127.0.0.1 at 2020-09-04 14:21:17 -0700
Processing by CatsController#index as HTML
  Rendering cats/index.html.erb within layouts/application
  [1m[36mCat Load (0.4ms)[0m  [1m[34mSELECT "cats".* FROM "cats"[0m
  ↳ app/views/cats/index.html.erb:5
  Rendered cats/index.html.erb within layouts/application (7.1ms)
Completed 500 Internal Server Error in 15ms (ActiveRecord: 0.4ms)


  
ActionView::Template::Error (Missing partial cats/_cat, application/_cat with {:locale=>[:en], :formats=>[:html], :variants=>[], :handlers=>[:raw, :erb, :html, :builder, :ruby, :coffee, :jbuilder]}. Searched in:
  * "/Users/brandonleong/Desktop/W6D5/Cats/app/views"
):
    3: <ul>
    4: 
    5:     <% @cats.each do |cat| %>
    6:         <%= render 'cat'  %>
    7:     <% end %>
    8: 
    9: <ul>
  
app/views/cats/index.html.erb:6:in `block in _app_views_cats_index_html_erb___4214228489029654553_70261782049400'
app/views/cats/index.html.erb:5:in `_app_views_cats_index_html_erb___4214228489029654553_70261782049400'
app/controllers/cats_controller.rb:4:in `index'
Started GET "/cats/2" for ::1 at 2020-09-04 14:40:38 -0700
  [1m[35m (8.2ms)[0m  [1m[34mSELECT "schema_migrations"."version" FROM "schema_migrations" ORDER BY "schema_migrations"."version" ASC[0m
  ↳ /Users/brandonleong/.rbenv/versions/2.5.1/lib/ruby/gems/2.5.0/gems/activerecord-5.2.4.3/lib/active_record/log_subscriber.rb:98
Processing by CatsController#show as HTML
  Parameters: {"id"=>"2"}
  [1m[36mCat Load (1.8ms)[0m  [1m[34mSELECT  "cats".* FROM "cats" WHERE "cats"."id" = $1 LIMIT $2[0m  [["id", 2], ["LIMIT", 1]]
  ↳ app/controllers/cats_controller.rb:8
  Rendering cats/show.html.erb within layouts/application
  Rendered cats/show.html.erb within layouts/application (3.5ms)
Completed 200 OK in 2115ms (Views: 2049.8ms | ActiveRecord: 12.4ms)


Started GET "/cats" for ::1 at 2020-09-04 14:40:41 -0700
Processing by CatsController#index as HTML
  Rendering cats/index.html.erb within layouts/application
  [1m[36mCat Load (37.5ms)[0m  [1m[34mSELECT "cats".* FROM "cats"[0m
  ↳ app/views/cats/index.html.erb:5
  Rendered cats/index.html.erb within layouts/application (61.3ms)
Completed 500 Internal Server Error in 88ms (ActiveRecord: 37.5ms)



ActionView::Template::Error - Missing partial cats/_cat with {:locale=>[:en], :formats=>[:html], :variants=>[], :handlers=>[:raw, :erb, :html, :builder, :ruby, :coffee, :jbuilder]}. Searched in:
  * "/Users/brandonleong/Desktop/W6D5/Cats/app/views"
:
  app/views/cats/index.html.erb:7:in `view template'
  app/controllers/cats_controller.rb:4:in `index'

Started POST "/__better_errors/30362be94a84b3d5/variables" for ::1 at 2020-09-04 14:40:43 -0700
Started GET "/cats" for ::1 at 2020-09-04 14:43:01 -0700
Processing by CatsController#index as HTML
  Rendering cats/index.html.erb within layouts/application
  [1m[36mCat Load (0.6ms)[0m  [1m[34mSELECT "cats".* FROM "cats"[0m
  ↳ app/views/cats/index.html.erb:5
  Rendered cats/index.html.erb within layouts/application (869.3ms)
Completed 500 Internal Server Error in 889ms (ActiveRecord: 0.6ms)



ActionView::Template::Error - undefined local variable or method `cats' for #<#<Class:0x00007fc5426453e8>:0x00007fc549c386b8>
Did you mean?  cat
               @cats:
  app/views/cats/index.html.erb:6:in `view template'
  app/controllers/cats_controller.rb:4:in `index'

Started POST "/__better_errors/03378df1b04f2be1/variables" for ::1 at 2020-09-04 14:43:03 -0700
Started GET "/cats" for ::1 at 2020-09-04 14:43:11 -0700
Processing by CatsController#index as HTML
  Rendering cats/index.html.erb within layouts/application
  [1m[36mCat Load (0.6ms)[0m  [1m[34mSELECT "cats".* FROM "cats"[0m
  ↳ app/views/cats/index.html.erb:5
  Rendered cats/index.html.erb within layouts/application (2.6ms)
Completed 200 OK in 51ms (Views: 49.8ms | ActiveRecord: 0.6ms)


Started GET "/cats" for ::1 at 2020-09-04 14:44:54 -0700
Processing by CatsController#index as HTML
  Rendering cats/index.html.erb within layouts/application
  [1m[36mCat Load (0.6ms)[0m  [1m[34mSELECT "cats".* FROM "cats"[0m
  ↳ app/views/cats/index.html.erb:5
  Rendered cats/index.html.erb within layouts/application (3.6ms)
Completed 200 OK in 82ms (Views: 80.2ms | ActiveRecord: 0.6ms)


Started GET "/cats/1" for ::1 at 2020-09-04 14:45:59 -0700
Processing by CatsController#show as HTML
  Parameters: {"id"=>"1"}
  [1m[36mCat Load (0.7ms)[0m  [1m[34mSELECT  "cats".* FROM "cats" WHERE "cats"."id" = $1 LIMIT $2[0m  [["id", 1], ["LIMIT", 1]]
  ↳ app/controllers/cats_controller.rb:8
  Rendering cats/show.html.erb within layouts/application
  Rendered cats/show.html.erb within layouts/application (3.5ms)
Completed 200 OK in 59ms (Views: 55.6ms | ActiveRecord: 0.7ms)


Started GET "/cat/2" for 127.0.0.1 at 2020-09-04 14:46:17 -0700
  
ActionController::RoutingError (No route matches [GET] "/cat/2"):
  
actionpack (5.2.4.3) lib/action_dispatch/middleware/debug_exceptions.rb:65:in `call'
web-console (3.7.0) lib/web_console/middleware.rb:135:in `call_app'
web-console (3.7.0) lib/web_console/middleware.rb:30:in `block in call'
web-console (3.7.0) lib/web_console/middleware.rb:20:in `catch'
web-console (3.7.0) lib/web_console/middleware.rb:20:in `call'
actionpack (5.2.4.3) lib/action_dispatch/middleware/show_exceptions.rb:33:in `call'
railties (5.2.4.3) lib/rails/rack/logger.rb:38:in `call_app'
railties (5.2.4.3) lib/rails/rack/logger.rb:26:in `block in call'
activesupport (5.2.4.3) lib/active_support/tagged_logging.rb:71:in `block in tagged'
activesupport (5.2.4.3) lib/active_support/tagged_logging.rb:28:in `tagged'
activesupport (5.2.4.3) lib/active_support/tagged_logging.rb:71:in `tagged'
railties (5.2.4.3) lib/rails/rack/logger.rb:26:in `call'
sprockets-rails (3.2.1) lib/sprockets/rails/quiet_assets.rb:13:in `call'
actionpack (5.2.4.3) lib/action_dispatch/middleware/remote_ip.rb:81:in `call'
actionpack (5.2.4.3) lib/action_dispatch/middleware/request_id.rb:27:in `call'
rack (2.2.3) lib/rack/method_override.rb:24:in `call'
rack (2.2.3) lib/rack/runtime.rb:22:in `call'
activesupport (5.2.4.3) lib/active_support/cache/strategy/local_cache_middleware.rb:29:in `call'
actionpack (5.2.4.3) lib/action_dispatch/middleware/executor.rb:14:in `call'
actionpack (5.2.4.3) lib/action_dispatch/middleware/static.rb:127:in `call'
rack (2.2.3) lib/rack/sendfile.rb:110:in `call'
railties (5.2.4.3) lib/rails/engine.rb:524:in `call'
puma (3.12.6) lib/puma/configuration.rb:227:in `call'
puma (3.12.6) lib/puma/server.rb:706:in `handle_request'
puma (3.12.6) lib/puma/server.rb:476:in `process_client'
puma (3.12.6) lib/puma/server.rb:334:in `block in run'
puma (3.12.6) lib/puma/thread_pool.rb:135:in `block in spawn_thread'
Started GET "/cats/2" for 127.0.0.1 at 2020-09-04 14:46:23 -0700
Processing by CatsController#show as HTML
  Parameters: {"id"=>"2"}
  [1m[36mCat Load (0.5ms)[0m  [1m[34mSELECT  "cats".* FROM "cats" WHERE "cats"."id" = $1 LIMIT $2[0m  [["id", 2], ["LIMIT", 1]]
  ↳ app/controllers/cats_controller.rb:8
  Rendering cats/show.html.erb within layouts/application
  Rendered cats/show.html.erb within layouts/application (1.5ms)
Completed 200 OK in 51ms (Views: 49.0ms | ActiveRecord: 0.5ms)


Started GET "/cats" for 127.0.0.1 at 2020-09-04 14:46:33 -0700
Processing by CatsController#index as HTML
  Rendering cats/index.html.erb within layouts/application
  [1m[36mCat Load (8.1ms)[0m  [1m[34mSELECT "cats".* FROM "cats"[0m
  ↳ app/views/cats/index.html.erb:5
  Rendered cats/index.html.erb within layouts/application (11.5ms)
Completed 200 OK in 62ms (Views: 53.1ms | ActiveRecord: 8.1ms)


Started GET "/cats" for ::1 at 2020-09-04 14:48:55 -0700
Processing by CatsController#index as HTML
  Rendering cats/index.html.erb within layouts/application
  [1m[36mCat Load (2.7ms)[0m  [1m[34mSELECT "cats".* FROM "cats"[0m
  ↳ app/views/cats/index.html.erb:5
  Rendered cats/index.html.erb within layouts/application (475.4ms)
Completed 500 Internal Server Error in 496ms (ActiveRecord: 2.7ms)



ActionView::Template::Error - undefined local variable or method `users_url' for #<#<Class:0x00007fc5426453e8>:0x00007fc549acc4f0>:
  app/views/cats/index.html.erb:14:in `view template'
  app/controllers/cats_controller.rb:4:in `index'

Started POST "/__better_errors/3863aadb05dc2d98/variables" for ::1 at 2020-09-04 14:48:55 -0700
Started GET "/cat" for ::1 at 2020-09-04 14:49:02 -0700
  
ActionController::RoutingError (No route matches [GET] "/cat"):
  
actionpack (5.2.4.3) lib/action_dispatch/middleware/debug_exceptions.rb:65:in `call'
web-console (3.7.0) lib/web_console/middleware.rb:135:in `call_app'
web-console (3.7.0) lib/web_console/middleware.rb:30:in `block in call'
web-console (3.7.0) lib/web_console/middleware.rb:20:in `catch'
web-console (3.7.0) lib/web_console/middleware.rb:20:in `call'
actionpack (5.2.4.3) lib/action_dispatch/middleware/show_exceptions.rb:33:in `call'
railties (5.2.4.3) lib/rails/rack/logger.rb:38:in `call_app'
railties (5.2.4.3) lib/rails/rack/logger.rb:26:in `block in call'
activesupport (5.2.4.3) lib/active_support/tagged_logging.rb:71:in `block in tagged'
activesupport (5.2.4.3) lib/active_support/tagged_logging.rb:28:in `tagged'
activesupport (5.2.4.3) lib/active_support/tagged_logging.rb:71:in `tagged'
railties (5.2.4.3) lib/rails/rack/logger.rb:26:in `call'
sprockets-rails (3.2.1) lib/sprockets/rails/quiet_assets.rb:13:in `call'
actionpack (5.2.4.3) lib/action_dispatch/middleware/remote_ip.rb:81:in `call'
actionpack (5.2.4.3) lib/action_dispatch/middleware/request_id.rb:27:in `call'
rack (2.2.3) lib/rack/method_override.rb:24:in `call'
rack (2.2.3) lib/rack/runtime.rb:22:in `call'
activesupport (5.2.4.3) lib/active_support/cache/strategy/local_cache_middleware.rb:29:in `call'
actionpack (5.2.4.3) lib/action_dispatch/middleware/executor.rb:14:in `call'
actionpack (5.2.4.3) lib/action_dispatch/middleware/static.rb:127:in `call'
rack (2.2.3) lib/rack/sendfile.rb:110:in `call'
railties (5.2.4.3) lib/rails/engine.rb:524:in `call'
puma (3.12.6) lib/puma/configuration.rb:227:in `call'
puma (3.12.6) lib/puma/server.rb:706:in `handle_request'
puma (3.12.6) lib/puma/server.rb:476:in `process_client'
puma (3.12.6) lib/puma/server.rb:334:in `block in run'
puma (3.12.6) lib/puma/thread_pool.rb:135:in `block in spawn_thread'
Started GET "/cats" for 127.0.0.1 at 2020-09-04 14:49:03 -0700
Processing by CatsController#index as HTML
  Rendering cats/index.html.erb within layouts/application
  [1m[36mCat Load (59.1ms)[0m  [1m[34mSELECT "cats".* FROM "cats"[0m
  ↳ app/views/cats/index.html.erb:5
  Rendered cats/index.html.erb within layouts/application (808.0ms)
Completed 500 Internal Server Error in 874ms (ActiveRecord: 59.1ms)



ActionView::Template::Error - undefined local variable or method `users_url' for #<#<Class:0x00007fc5426453e8>:0x00007fc54a8b0990>:
  app/views/cats/index.html.erb:14:in `view template'
  app/controllers/cats_controller.rb:4:in `index'

Started POST "/__better_errors/ed25d01b21b3b1a6/variables" for 127.0.0.1 at 2020-09-04 14:49:04 -0700
Started GET "/cats" for ::1 at 2020-09-04 14:49:06 -0700
Processing by CatsController#index as HTML
  Rendering cats/index.html.erb within layouts/application
  [1m[36mCat Load (42.0ms)[0m  [1m[34mSELECT "cats".* FROM "cats"[0m
  ↳ app/views/cats/index.html.erb:5
  Rendered cats/index.html.erb within layouts/application (970.0ms)
Completed 500 Internal Server Error in 1001ms (ActiveRecord: 42.0ms)



ActionView::Template::Error - undefined local variable or method `users_url' for #<#<Class:0x00007fc5426453e8>:0x00007fc54f02a050>:
  app/views/cats/index.html.erb:14:in `view template'
  app/controllers/cats_controller.rb:4:in `index'

Started POST "/__better_errors/66442d5ad517646d/variables" for ::1 at 2020-09-04 14:49:07 -0700
Started GET "/cats" for ::1 at 2020-09-04 14:49:13 -0700
Processing by CatsController#index as HTML
  Rendering cats/index.html.erb within layouts/application
  [1m[36mCat Load (0.6ms)[0m  [1m[34mSELECT "cats".* FROM "cats"[0m
  ↳ app/views/cats/index.html.erb:5
  Rendered cats/index.html.erb within layouts/application (2.4ms)
Completed 200 OK in 70ms (Views: 68.5ms | ActiveRecord: 0.6ms)


Started GET "/cats" for 127.0.0.1 at 2020-09-04 14:49:13 -0700
Processing by CatsController#index as HTML
  Rendering cats/index.html.erb within layouts/application
  [1m[36mCat Load (0.7ms)[0m  [1m[34mSELECT "cats".* FROM "cats"[0m
  ↳ app/views/cats/index.html.erb:5
  Rendered cats/index.html.erb within layouts/application (2.7ms)
Completed 200 OK in 83ms (Views: 81.0ms | ActiveRecord: 0.7ms)


Started GET "/cats" for ::1 at 2020-09-04 14:50:59 -0700
Processing by CatsController#index as HTML
  Rendering cats/index.html.erb within layouts/application
  [1m[36mCat Load (1.9ms)[0m  [1m[34mSELECT "cats".* FROM "cats"[0m
  ↳ app/views/cats/index.html.erb:5
  Rendered cats/index.html.erb within layouts/application (9.4ms)
Completed 500 Internal Server Error in 18ms (ActiveRecord: 1.9ms)



ActionView::Template::Error - No route matches {:action=>"show", :controller=>"cats"}, missing required keys: [:id]:
  app/views/cats/index.html.erb:6:in `view template'
  app/controllers/cats_controller.rb:4:in `index'

Started POST "/__better_errors/671ad586d1828610/variables" for ::1 at 2020-09-04 14:51:00 -0700
Started GET "/cats" for 127.0.0.1 at 2020-09-04 14:51:52 -0700
Processing by CatsController#index as HTML
  Rendering cats/index.html.erb within layouts/application
  [1m[36mCat Load (0.6ms)[0m  [1m[34mSELECT "cats".* FROM "cats"[0m
  ↳ app/views/cats/index.html.erb:5
  Rendered cats/index.html.erb within layouts/application (5.7ms)
Completed 500 Internal Server Error in 18ms (ActiveRecord: 0.6ms)



ActionView::Template::Error - No route matches {:action=>"show", :controller=>"cats"}, missing required keys: [:id]:
  app/views/cats/index.html.erb:6:in `view template'
  app/controllers/cats_controller.rb:4:in `index'

Started POST "/__better_errors/c8ff952c5d8eac7c/variables" for 127.0.0.1 at 2020-09-04 14:51:53 -0700
Started GET "/cats" for ::1 at 2020-09-04 14:51:55 -0700
Processing by CatsController#index as HTML
  Rendering cats/index.html.erb within layouts/application
  [1m[36mCat Load (3.0ms)[0m  [1m[34mSELECT "cats".* FROM "cats"[0m
  ↳ app/views/cats/index.html.erb:5
  Rendered cats/index.html.erb within layouts/application (14.0ms)
Completed 500 Internal Server Error in 26ms (ActiveRecord: 3.0ms)



ActionView::Template::Error - No route matches {:action=>"show", :controller=>"cats"}, missing required keys: [:id]:
  app/views/cats/index.html.erb:6:in `view template'
  app/controllers/cats_controller.rb:4:in `index'

Started POST "/__better_errors/f6e1bbec66ac8596/variables" for ::1 at 2020-09-04 14:51:55 -0700
Started POST "/__better_errors/f6e1bbec66ac8596/variables" for ::1 at 2020-09-04 14:51:57 -0700
Started GET "/cats" for ::1 at 2020-09-04 14:52:07 -0700
Processing by CatsController#index as HTML
  Rendering cats/index.html.erb within layouts/application
  [1m[36mCat Load (0.7ms)[0m  [1m[34mSELECT "cats".* FROM "cats"[0m
  ↳ app/views/cats/index.html.erb:5
  Rendered cats/index.html.erb within layouts/application (10.6ms)
Completed 500 Internal Server Error in 32ms (ActiveRecord: 0.7ms)



ActionView::Template::Error - No route matches {:action=>"show", :controller=>"cats"}, missing required keys: [:id]:
  app/views/cats/index.html.erb:7:in `view template'
  app/controllers/cats_controller.rb:4:in `index'

Started POST "/__better_errors/fd4537daed22748b/variables" for ::1 at 2020-09-04 14:52:07 -0700
Started GET "/cats" for ::1 at 2020-09-04 14:53:29 -0700
Processing by CatsController#index as HTML
  Rendering cats/index.html.erb within layouts/application
  [1m[36mCat Load (0.9ms)[0m  [1m[34mSELECT "cats".* FROM "cats"[0m
  ↳ app/views/cats/index.html.erb:5
  Rendered cats/index.html.erb within layouts/application (3.5ms)
Completed 200 OK in 55ms (Views: 53.3ms | ActiveRecord: 0.9ms)


Started GET "/cats" for 127.0.0.1 at 2020-09-04 14:53:31 -0700
Processing by CatsController#index as HTML
  Rendering cats/index.html.erb within layouts/application
  [1m[36mCat Load (0.4ms)[0m  [1m[34mSELECT "cats".* FROM "cats"[0m
  ↳ app/views/cats/index.html.erb:5
  Rendered cats/index.html.erb within layouts/application (1.6ms)
Completed 200 OK in 22ms (Views: 20.7ms | ActiveRecord: 0.4ms)


Started GET "/cats" for ::1 at 2020-09-04 14:59:50 -0700
Processing by CatsController#index as HTML
  Rendering cats/index.html.erb within layouts/application
  [1m[36mCat Load (2.1ms)[0m  [1m[34mSELECT "cats".* FROM "cats"[0m
  ↳ app/views/cats/index.html.erb:5
  Rendered cats/index.html.erb within layouts/application (18.0ms)
Completed 200 OK in 124ms (Views: 111.3ms | ActiveRecord: 2.1ms)


Started GET "/cats" for ::1 at 2020-09-04 15:00:22 -0700
Processing by CatsController#index as HTML
  Rendering cats/index.html.erb within layouts/application
  [1m[36mCat Load (1.0ms)[0m  [1m[34mSELECT "cats".* FROM "cats"[0m
  ↳ app/views/cats/index.html.erb:5
  Rendered cats/index.html.erb within layouts/application (3.6ms)
Completed 200 OK in 105ms (Views: 102.4ms | ActiveRecord: 1.0ms)


Started GET "/cats" for 127.0.0.1 at 2020-09-04 15:02:52 -0700
Processing by CatsController#index as HTML
  Rendering cats/index.html.erb within layouts/application
  [1m[36mCat Load (0.9ms)[0m  [1m[34mSELECT "cats".* FROM "cats"[0m
  ↳ app/views/cats/index.html.erb:5
  Rendered cats/index.html.erb within layouts/application (4.8ms)
Completed 200 OK in 84ms (Views: 82.7ms | ActiveRecord: 0.9ms)


Started GET "/cats/id" for 127.0.0.1 at 2020-09-04 15:02:53 -0700
Processing by CatsController#show as HTML
  Parameters: {"id"=>"id"}
  [1m[36mCat Load (0.6ms)[0m  [1m[34mSELECT  "cats".* FROM "cats" WHERE "cats"."id" = $1 LIMIT $2[0m  [["id", 0], ["LIMIT", 1]]
  ↳ app/controllers/cats_controller.rb:8
Completed 404 Not Found in 7ms (ActiveRecord: 0.9ms)



ActiveRecord::RecordNotFound - Couldn't find Cat with 'id'=id:
  app/controllers/cats_controller.rb:8:in `show'

Started POST "/__better_errors/d9dbb9901e7bd918/variables" for 127.0.0.1 at 2020-09-04 15:02:53 -0700
Started GET "/cats/id" for 127.0.0.1 at 2020-09-04 15:04:09 -0700
Processing by CatsController#show as HTML
  Parameters: {"id"=>"id"}
  [1m[36mCat Load (0.5ms)[0m  [1m[34mSELECT  "cats".* FROM "cats" WHERE "cats"."id" = $1 LIMIT $2[0m  [["id", 0], ["LIMIT", 1]]
  ↳ app/controllers/cats_controller.rb:8
Completed 404 Not Found in 4ms (ActiveRecord: 0.5ms)



ActiveRecord::RecordNotFound - Couldn't find Cat with 'id'=id:
  app/controllers/cats_controller.rb:8:in `show'

Started POST "/__better_errors/712254dc7b54a3d2/variables" for 127.0.0.1 at 2020-09-04 15:04:09 -0700
Started GET "/cats" for ::1 at 2020-09-04 15:04:10 -0700
Processing by CatsController#index as HTML
  Rendering cats/index.html.erb within layouts/application
  [1m[36mCat Load (5.6ms)[0m  [1m[34mSELECT "cats".* FROM "cats"[0m
  ↳ app/views/cats/index.html.erb:5
  Rendered cats/index.html.erb within layouts/application (12.2ms)
Completed 200 OK in 83ms (Views: 76.7ms | ActiveRecord: 5.6ms)


Started GET "/cats/1" for ::1 at 2020-09-04 15:04:12 -0700
Processing by CatsController#show as HTML
  Parameters: {"id"=>"1"}
  [1m[36mCat Load (7.0ms)[0m  [1m[34mSELECT  "cats".* FROM "cats" WHERE "cats"."id" = $1 LIMIT $2[0m  [["id", 1], ["LIMIT", 1]]
  ↳ app/controllers/cats_controller.rb:8
  Rendering cats/show.html.erb within layouts/application
  Rendered cats/show.html.erb within layouts/application (1.7ms)
Completed 200 OK in 81ms (Views: 69.3ms | ActiveRecord: 7.0ms)


Started GET "/cats" for 127.0.0.1 at 2020-09-04 15:04:13 -0700
Processing by CatsController#index as HTML
  Rendering cats/index.html.erb within layouts/application
  [1m[36mCat Load (5.7ms)[0m  [1m[34mSELECT "cats".* FROM "cats"[0m
  ↳ app/views/cats/index.html.erb:5
  Rendered cats/index.html.erb within layouts/application (8.4ms)
Completed 200 OK in 132ms (Views: 125.7ms | ActiveRecord: 5.7ms)


Started GET "/cats/1" for 127.0.0.1 at 2020-09-04 15:04:15 -0700
Processing by CatsController#show as HTML
  Parameters: {"id"=>"1"}
  [1m[36mCat Load (2.6ms)[0m  [1m[34mSELECT  "cats".* FROM "cats" WHERE "cats"."id" = $1 LIMIT $2[0m  [["id", 1], ["LIMIT", 1]]
  ↳ app/controllers/cats_controller.rb:8
  Rendering cats/show.html.erb within layouts/application
  Rendered cats/show.html.erb within layouts/application (0.7ms)
Completed 200 OK in 42ms (Views: 35.4ms | ActiveRecord: 2.6ms)


Started GET "/cats/1" for 127.0.0.1 at 2020-09-04 15:04:37 -0700
Processing by CatsController#show as HTML
  Parameters: {"id"=>"1"}
  [1m[36mCat Load (0.8ms)[0m  [1m[34mSELECT  "cats".* FROM "cats" WHERE "cats"."id" = $1 LIMIT $2[0m  [["id", 1], ["LIMIT", 1]]
  ↳ app/controllers/cats_controller.rb:8
  Rendering cats/show.html.erb within layouts/application
  Rendered cats/show.html.erb within layouts/application (0.5ms)
Completed 200 OK in 31ms (Views: 29.0ms | ActiveRecord: 0.8ms)


Started GET "/cats/1" for ::1 at 2020-09-04 15:10:04 -0700
Processing by CatsController#show as HTML
  Parameters: {"id"=>"1"}
  [1m[36mCat Load (0.8ms)[0m  [1m[34mSELECT  "cats".* FROM "cats" WHERE "cats"."id" = $1 LIMIT $2[0m  [["id", 1], ["LIMIT", 1]]
  ↳ app/controllers/cats_controller.rb:8
  Rendering cats/show.html.erb within layouts/application
  Rendered cats/show.html.erb within layouts/application (1.4ms)
Completed 200 OK in 39ms (Views: 36.1ms | ActiveRecord: 1.1ms)


Started GET "/cats/1" for 127.0.0.1 at 2020-09-04 15:10:19 -0700
Processing by CatsController#show as HTML
  Parameters: {"id"=>"1"}
  [1m[36mCat Load (0.7ms)[0m  [1m[34mSELECT  "cats".* FROM "cats" WHERE "cats"."id" = $1 LIMIT $2[0m  [["id", 1], ["LIMIT", 1]]
  ↳ app/controllers/cats_controller.rb:8
  Rendering cats/show.html.erb within layouts/application
  Rendered cats/show.html.erb within layouts/application (0.7ms)
Completed 200 OK in 32ms (Views: 29.5ms | ActiveRecord: 0.7ms)


Started GET "/cats" for 127.0.0.1 at 2020-09-04 15:10:31 -0700
Processing by CatsController#index as HTML
  Rendering cats/index.html.erb within layouts/application
  [1m[36mCat Load (7.8ms)[0m  [1m[34mSELECT "cats".* FROM "cats"[0m
  ↳ app/views/cats/index.html.erb:5
  Rendered cats/index.html.erb within layouts/application (14.7ms)
Completed 200 OK in 86ms (Views: 77.5ms | ActiveRecord: 7.8ms)


Started GET "/cats/2" for 127.0.0.1 at 2020-09-04 15:10:34 -0700
Processing by CatsController#show as HTML
  Parameters: {"id"=>"2"}
  [1m[36mCat Load (0.6ms)[0m  [1m[34mSELECT  "cats".* FROM "cats" WHERE "cats"."id" = $1 LIMIT $2[0m  [["id", 2], ["LIMIT", 1]]
  ↳ app/controllers/cats_controller.rb:8
  Rendering cats/show.html.erb within layouts/application
  Rendered cats/show.html.erb within layouts/application (0.6ms)
Completed 200 OK in 33ms (Views: 31.0ms | ActiveRecord: 0.6ms)


Started GET "/cats/1" for ::1 at 2020-09-04 15:11:06 -0700
Processing by CatsController#show as HTML
  Parameters: {"id"=>"1"}
  [1m[36mCat Load (1.0ms)[0m  [1m[34mSELECT  "cats".* FROM "cats" WHERE "cats"."id" = $1 LIMIT $2[0m  [["id", 1], ["LIMIT", 1]]
  ↳ app/controllers/cats_controller.rb:8
  Rendering cats/show.html.erb within layouts/application
  Rendered cats/show.html.erb within layouts/application (1.0ms)
Completed 200 OK in 47ms (Views: 44.3ms | ActiveRecord: 1.0ms)


Started GET "/cats/2" for 127.0.0.1 at 2020-09-04 15:11:37 -0700
Processing by CatsController#show as HTML
  Parameters: {"id"=>"2"}
  [1m[36mCat Load (1.2ms)[0m  [1m[34mSELECT  "cats".* FROM "cats" WHERE "cats"."id" = $1 LIMIT $2[0m  [["id", 2], ["LIMIT", 1]]
  ↳ app/controllers/cats_controller.rb:8
  Rendering cats/show.html.erb within layouts/application
  Rendered cats/show.html.erb within layouts/application (0.8ms)
Completed 200 OK in 80ms (Views: 77.3ms | ActiveRecord: 1.2ms)


Started GET "/cats/2" for 127.0.0.1 at 2020-09-04 15:13:05 -0700
Processing by CatsController#show as HTML
  Parameters: {"id"=>"2"}
  [1m[36mCat Load (0.5ms)[0m  [1m[34mSELECT  "cats".* FROM "cats" WHERE "cats"."id" = $1 LIMIT $2[0m  [["id", 2], ["LIMIT", 1]]
  ↳ app/controllers/cats_controller.rb:8
  Rendering cats/show.html.erb within layouts/application
  Rendered cats/show.html.erb within layouts/application (1.3ms)
Completed 200 OK in 28ms (Views: 25.9ms | ActiveRecord: 0.5ms)


Started GET "/cats/1" for ::1 at 2020-09-04 15:13:16 -0700
Processing by CatsController#show as HTML
  Parameters: {"id"=>"1"}
  [1m[36mCat Load (0.4ms)[0m  [1m[34mSELECT  "cats".* FROM "cats" WHERE "cats"."id" = $1 LIMIT $2[0m  [["id", 1], ["LIMIT", 1]]
  ↳ app/controllers/cats_controller.rb:8
  Rendering cats/show.html.erb within layouts/application
  Rendered cats/show.html.erb within layouts/application (1.6ms)
Completed 200 OK in 48ms (Views: 44.2ms | ActiveRecord: 0.4ms)


Started GET "/cats/1" for ::1 at 2020-09-04 15:14:46 -0700
Processing by CatsController#show as HTML
  Parameters: {"id"=>"1"}
  [1m[36mCat Load (0.3ms)[0m  [1m[34mSELECT  "cats".* FROM "cats" WHERE "cats"."id" = $1 LIMIT $2[0m  [["id", 1], ["LIMIT", 1]]
  ↳ app/controllers/cats_controller.rb:8
  Rendering cats/show.html.erb within layouts/application
  Rendered cats/show.html.erb within layouts/application (1.3ms)
Completed 200 OK in 52ms (Views: 49.2ms | ActiveRecord: 0.3ms)


Started GET "/cats/2" for 127.0.0.1 at 2020-09-04 15:14:57 -0700
Processing by CatsController#show as HTML
  Parameters: {"id"=>"2"}
  [1m[36mCat Load (0.3ms)[0m  [1m[34mSELECT  "cats".* FROM "cats" WHERE "cats"."id" = $1 LIMIT $2[0m  [["id", 2], ["LIMIT", 1]]
  ↳ app/controllers/cats_controller.rb:8
  Rendering cats/show.html.erb within layouts/application
  Rendered cats/show.html.erb within layouts/application (0.9ms)
Completed 200 OK in 32ms (Views: 30.3ms | ActiveRecord: 0.3ms)


Started GET "/cats/2" for 127.0.0.1 at 2020-09-04 15:15:55 -0700
Processing by CatsController#show as HTML
  Parameters: {"id"=>"2"}
  [1m[36mCat Load (0.3ms)[0m  [1m[34mSELECT  "cats".* FROM "cats" WHERE "cats"."id" = $1 LIMIT $2[0m  [["id", 2], ["LIMIT", 1]]
  ↳ app/controllers/cats_controller.rb:8
  Rendering cats/show.html.erb within layouts/application
  Rendered cats/show.html.erb within layouts/application (16.8ms)
Completed 500 Internal Server Error in 28ms (ActiveRecord: 0.3ms)



ActionView::Template::Error - uninitialized constant ActionView::CompiledTemplates::Name:
  app/views/cats/show.html.erb:16:in `view template'
  app/controllers/cats_controller.rb:9:in `show'

Started POST "/__better_errors/854b93b3fd8af84b/variables" for 127.0.0.1 at 2020-09-04 15:15:55 -0700
Started GET "/cats/1" for ::1 at 2020-09-04 15:16:36 -0700
Processing by CatsController#show as HTML
  Parameters: {"id"=>"1"}
  [1m[36mCat Load (0.8ms)[0m  [1m[34mSELECT  "cats".* FROM "cats" WHERE "cats"."id" = $1 LIMIT $2[0m  [["id", 1], ["LIMIT", 1]]
  ↳ app/controllers/cats_controller.rb:8
  Rendering cats/show.html.erb within layouts/application
  Rendered cats/show.html.erb within layouts/application (24.0ms)
Completed 500 Internal Server Error in 39ms (ActiveRecord: 0.8ms)



ActionView::Template::Error - uninitialized constant ActionView::CompiledTemplates::Name:
  app/views/cats/show.html.erb:16:in `view template'
  app/controllers/cats_controller.rb:9:in `show'

Started POST "/__better_errors/86372c683a3fe929/variables" for ::1 at 2020-09-04 15:16:36 -0700
Started GET "/cats/2" for 127.0.0.1 at 2020-09-04 15:16:45 -0700
Processing by CatsController#show as HTML
  Parameters: {"id"=>"2"}
  [1m[36mCat Load (0.4ms)[0m  [1m[34mSELECT  "cats".* FROM "cats" WHERE "cats"."id" = $1 LIMIT $2[0m  [["id", 2], ["LIMIT", 1]]
  ↳ app/controllers/cats_controller.rb:8
  Rendering cats/show.html.erb within layouts/application
  Rendered cats/show.html.erb within layouts/application (18.0ms)
Completed 500 Internal Server Error in 30ms (ActiveRecord: 0.4ms)



ActionView::Template::Error - uninitialized constant ActionView::CompiledTemplates::Name:
  app/views/cats/show.html.erb:16:in `view template'
  app/controllers/cats_controller.rb:9:in `show'

Started POST "/__better_errors/d0b9e482e05c7a74/variables" for 127.0.0.1 at 2020-09-04 15:16:46 -0700
Started GET "/cats/1" for ::1 at 2020-09-04 15:18:13 -0700
Processing by CatsController#show as HTML
  Parameters: {"id"=>"1"}
  [1m[36mCat Load (0.3ms)[0m  [1m[34mSELECT  "cats".* FROM "cats" WHERE "cats"."id" = $1 LIMIT $2[0m  [["id", 1], ["LIMIT", 1]]
  ↳ app/controllers/cats_controller.rb:8
  Rendering cats/show.html.erb within layouts/application
  Rendered cats/show.html.erb within layouts/application (20.8ms)
Completed 500 Internal Server Error in 34ms (ActiveRecord: 0.3ms)



ActionView::Template::Error - uninitialized constant ActionView::CompiledTemplates::Name:
  app/views/cats/show.html.erb:16:in `view template'
  app/controllers/cats_controller.rb:9:in `show'

Started POST "/__better_errors/7e5172d7d37c49a4/variables" for ::1 at 2020-09-04 15:18:13 -0700
Started GET "/cats/2" for 127.0.0.1 at 2020-09-04 15:18:16 -0700
Processing by CatsController#show as HTML
  Parameters: {"id"=>"2"}
  [1m[36mCat Load (0.6ms)[0m  [1m[34mSELECT  "cats".* FROM "cats" WHERE "cats"."id" = $1 LIMIT $2[0m  [["id", 2], ["LIMIT", 1]]
  ↳ app/controllers/cats_controller.rb:8
  Rendering cats/show.html.erb within layouts/application
  Rendered cats/show.html.erb within layouts/application (18.2ms)
Completed 500 Internal Server Error in 37ms (ActiveRecord: 0.6ms)



ActionView::Template::Error - uninitialized constant ActionView::CompiledTemplates::Name:
  app/views/cats/show.html.erb:16:in `view template'
  app/controllers/cats_controller.rb:9:in `show'

Started POST "/__better_errors/8bbb075776f118f8/variables" for 127.0.0.1 at 2020-09-04 15:18:16 -0700
Started GET "/cats/2" for 127.0.0.1 at 2020-09-04 15:18:42 -0700
Processing by CatsController#show as HTML
  Parameters: {"id"=>"2"}
  [1m[36mCat Load (0.7ms)[0m  [1m[34mSELECT  "cats".* FROM "cats" WHERE "cats"."id" = $1 LIMIT $2[0m  [["id", 2], ["LIMIT", 1]]
  ↳ app/controllers/cats_controller.rb:8
  Rendering cats/show.html.erb within layouts/application
  Rendered cats/show.html.erb within layouts/application (11.1ms)
Completed 500 Internal Server Error in 21ms (ActiveRecord: 0.7ms)



ActionView::Template::Error - uninitialized constant ActionView::CompiledTemplates::Birthday:
  app/views/cats/show.html.erb:17:in `view template'
  app/controllers/cats_controller.rb:9:in `show'

Started POST "/__better_errors/8772cee5bec33983/variables" for 127.0.0.1 at 2020-09-04 15:18:42 -0700
Started GET "/cats/1" for ::1 at 2020-09-04 15:18:58 -0700
Processing by CatsController#show as HTML
  Parameters: {"id"=>"1"}
  [1m[36mCat Load (0.3ms)[0m  [1m[34mSELECT  "cats".* FROM "cats" WHERE "cats"."id" = $1 LIMIT $2[0m  [["id", 1], ["LIMIT", 1]]
  ↳ app/controllers/cats_controller.rb:8
  Rendering cats/show.html.erb within layouts/application
  Rendered cats/show.html.erb within layouts/application (1.8ms)
Completed 200 OK in 50ms (Views: 47.7ms | ActiveRecord: 0.3ms)


Started GET "/cats/2" for 127.0.0.1 at 2020-09-04 15:19:01 -0700
Processing by CatsController#show as HTML
  Parameters: {"id"=>"2"}
  [1m[36mCat Load (0.2ms)[0m  [1m[34mSELECT  "cats".* FROM "cats" WHERE "cats"."id" = $1 LIMIT $2[0m  [["id", 2], ["LIMIT", 1]]
  ↳ app/controllers/cats_controller.rb:8
  Rendering cats/show.html.erb within layouts/application
  Rendered cats/show.html.erb within layouts/application (0.7ms)
Completed 200 OK in 26ms (Views: 24.1ms | ActiveRecord: 0.2ms)


Started GET "/cats/1" for ::1 at 2020-09-04 15:20:22 -0700
Processing by CatsController#show as HTML
  Parameters: {"id"=>"1"}
  [1m[36mCat Load (0.3ms)[0m  [1m[34mSELECT  "cats".* FROM "cats" WHERE "cats"."id" = $1 LIMIT $2[0m  [["id", 1], ["LIMIT", 1]]
  ↳ app/controllers/cats_controller.rb:8
  Rendering cats/show.html.erb within layouts/application
  Rendered cats/show.html.erb within layouts/application (0.8ms)
Completed 200 OK in 54ms (Views: 51.3ms | ActiveRecord: 0.3ms)


Started GET "/cats/2" for 127.0.0.1 at 2020-09-04 15:20:24 -0700
Processing by CatsController#show as HTML
  Parameters: {"id"=>"2"}
  [1m[36mCat Load (0.3ms)[0m  [1m[34mSELECT  "cats".* FROM "cats" WHERE "cats"."id" = $1 LIMIT $2[0m  [["id", 2], ["LIMIT", 1]]
  ↳ app/controllers/cats_controller.rb:8
  Rendering cats/show.html.erb within layouts/application
  Rendered cats/show.html.erb within layouts/application (1.2ms)
Completed 200 OK in 86ms (Views: 82.2ms | ActiveRecord: 0.3ms)


Started GET "/cats/1" for ::1 at 2020-09-04 15:20:45 -0700
Processing by CatsController#show as HTML
  Parameters: {"id"=>"1"}
  [1m[36mCat Load (0.5ms)[0m  [1m[34mSELECT  "cats".* FROM "cats" WHERE "cats"."id" = $1 LIMIT $2[0m  [["id", 1], ["LIMIT", 1]]
  ↳ app/controllers/cats_controller.rb:8
  Rendering cats/show.html.erb within layouts/application
  Rendered cats/show.html.erb within layouts/application (0.7ms)
Completed 200 OK in 48ms (Views: 45.4ms | ActiveRecord: 0.5ms)


Started GET "/cats/2" for 127.0.0.1 at 2020-09-04 15:20:47 -0700
Processing by CatsController#show as HTML
  Parameters: {"id"=>"2"}
  [1m[36mCat Load (1.9ms)[0m  [1m[34mSELECT  "cats".* FROM "cats" WHERE "cats"."id" = $1 LIMIT $2[0m  [["id", 2], ["LIMIT", 1]]
  ↳ app/controllers/cats_controller.rb:8
  Rendering cats/show.html.erb within layouts/application
  Rendered cats/show.html.erb within layouts/application (0.7ms)
Completed 200 OK in 34ms (Views: 29.7ms | ActiveRecord: 1.9ms)


Started GET "/cats/2" for 127.0.0.1 at 2020-09-04 16:02:44 -0700
Processing by CatsController#show as HTML
  Parameters: {"id"=>"2"}
  [1m[36mCat Load (1.2ms)[0m  [1m[34mSELECT  "cats".* FROM "cats" WHERE "cats"."id" = $1 LIMIT $2[0m  [["id", 2], ["LIMIT", 1]]
  ↳ app/controllers/cats_controller.rb:8
  Rendering cats/show.html.erb within layouts/application
  Rendered cats/show.html.erb within layouts/application (2.5ms)
Completed 200 OK in 96ms (Views: 57.2ms | ActiveRecord: 19.8ms)


Started GET "/cats" for 127.0.0.1 at 2020-09-04 16:51:20 -0700
  [1m[35m (8.8ms)[0m  [1m[34mSELECT "schema_migrations"."version" FROM "schema_migrations" ORDER BY "schema_migrations"."version" ASC[0m
  ↳ /Users/brandonleong/.rbenv/versions/2.5.1/lib/ruby/gems/2.5.0/gems/activerecord-5.2.4.3/lib/active_record/log_subscriber.rb:98
Processing by CatsController#index as HTML
  Rendering cats/index.html.erb within layouts/application
  [1m[36mCat Load (1.3ms)[0m  [1m[34mSELECT "cats".* FROM "cats"[0m
  ↳ app/views/cats/index.html.erb:5
  Rendered cats/index.html.erb within layouts/application (34.6ms)
Completed 200 OK in 579ms (Views: 539.9ms | ActiveRecord: 12.5ms)


Started GET "/cats/new" for 127.0.0.1 at 2020-09-04 16:51:35 -0700
Processing by CatsController#show as HTML
  Parameters: {"id"=>"new"}
  [1m[36mCat Load (0.8ms)[0m  [1m[34mSELECT  "cats".* FROM "cats" WHERE "cats"."id" = $1 LIMIT $2[0m  [["id", 0], ["LIMIT", 1]]
  ↳ app/controllers/cats_controller.rb:8
Completed 404 Not Found in 8ms (ActiveRecord: 1.1ms)



ActiveRecord::RecordNotFound - Couldn't find Cat with 'id'=new:
  app/controllers/cats_controller.rb:8:in `show'

Started POST "/__better_errors/3b9ee88d9fdead56/variables" for 127.0.0.1 at 2020-09-04 16:51:35 -0700
Started GET "/cats" for ::1 at 2020-09-04 16:51:38 -0700
Processing by CatsController#index as HTML
  Rendering cats/index.html.erb within layouts/application
  [1m[36mCat Load (0.9ms)[0m  [1m[34mSELECT "cats".* FROM "cats"[0m
  ↳ app/views/cats/index.html.erb:5
  Rendered cats/index.html.erb within layouts/application (4.9ms)
Completed 200 OK in 120ms (Views: 118.0ms | ActiveRecord: 0.9ms)


Started GET "/users" for ::1 at 2020-09-04 16:52:12 -0700
  
ActionController::RoutingError (No route matches [GET] "/users"):
  
actionpack (5.2.4.3) lib/action_dispatch/middleware/debug_exceptions.rb:65:in `call'
web-console (3.7.0) lib/web_console/middleware.rb:135:in `call_app'
web-console (3.7.0) lib/web_console/middleware.rb:30:in `block in call'
web-console (3.7.0) lib/web_console/middleware.rb:20:in `catch'
web-console (3.7.0) lib/web_console/middleware.rb:20:in `call'
actionpack (5.2.4.3) lib/action_dispatch/middleware/show_exceptions.rb:33:in `call'
railties (5.2.4.3) lib/rails/rack/logger.rb:38:in `call_app'
railties (5.2.4.3) lib/rails/rack/logger.rb:26:in `block in call'
activesupport (5.2.4.3) lib/active_support/tagged_logging.rb:71:in `block in tagged'
activesupport (5.2.4.3) lib/active_support/tagged_logging.rb:28:in `tagged'
activesupport (5.2.4.3) lib/active_support/tagged_logging.rb:71:in `tagged'
railties (5.2.4.3) lib/rails/rack/logger.rb:26:in `call'
sprockets-rails (3.2.1) lib/sprockets/rails/quiet_assets.rb:13:in `call'
actionpack (5.2.4.3) lib/action_dispatch/middleware/remote_ip.rb:81:in `call'
actionpack (5.2.4.3) lib/action_dispatch/middleware/request_id.rb:27:in `call'
rack (2.2.3) lib/rack/method_override.rb:24:in `call'
rack (2.2.3) lib/rack/runtime.rb:22:in `call'
activesupport (5.2.4.3) lib/active_support/cache/strategy/local_cache_middleware.rb:29:in `call'
actionpack (5.2.4.3) lib/action_dispatch/middleware/executor.rb:14:in `call'
actionpack (5.2.4.3) lib/action_dispatch/middleware/static.rb:127:in `call'
rack (2.2.3) lib/rack/sendfile.rb:110:in `call'
railties (5.2.4.3) lib/rails/engine.rb:524:in `call'
puma (3.12.6) lib/puma/configuration.rb:227:in `call'
puma (3.12.6) lib/puma/server.rb:706:in `handle_request'
puma (3.12.6) lib/puma/server.rb:476:in `process_client'
puma (3.12.6) lib/puma/server.rb:334:in `block in run'
puma (3.12.6) lib/puma/thread_pool.rb:135:in `block in spawn_thread'
Started GET "/cats" for ::1 at 2020-09-04 16:52:18 -0700
Processing by CatsController#index as HTML
  Rendering cats/index.html.erb within layouts/application
  [1m[36mCat Load (1.3ms)[0m  [1m[34mSELECT "cats".* FROM "cats"[0m
  ↳ app/views/cats/index.html.erb:5
  Rendered cats/index.html.erb within layouts/application (15.4ms)
Completed 200 OK in 77ms (Views: 75.2ms | ActiveRecord: 1.3ms)


Started GET "/cats/new" for 127.0.0.1 at 2020-09-04 16:52:23 -0700
Processing by CatsController#show as HTML
  Parameters: {"id"=>"new"}
  [1m[36mCat Load (0.5ms)[0m  [1m[34mSELECT  "cats".* FROM "cats" WHERE "cats"."id" = $1 LIMIT $2[0m  [["id", 0], ["LIMIT", 1]]
  ↳ app/controllers/cats_controller.rb:8
Completed 404 Not Found in 4ms (ActiveRecord: 0.5ms)



ActiveRecord::RecordNotFound - Couldn't find Cat with 'id'=new:
  app/controllers/cats_controller.rb:8:in `show'

Started POST "/__better_errors/139958caf133eaaa/variables" for 127.0.0.1 at 2020-09-04 16:52:24 -0700
Started GET "/cats/new" for ::1 at 2020-09-04 16:52:27 -0700
Processing by CatsController#show as HTML
  Parameters: {"id"=>"new"}
  [1m[36mCat Load (1.1ms)[0m  [1m[34mSELECT  "cats".* FROM "cats" WHERE "cats"."id" = $1 LIMIT $2[0m  [["id", 0], ["LIMIT", 1]]
  ↳ app/controllers/cats_controller.rb:8
Completed 404 Not Found in 6ms (ActiveRecord: 1.1ms)



ActiveRecord::RecordNotFound - Couldn't find Cat with 'id'=new:
  app/controllers/cats_controller.rb:8:in `show'

Started POST "/__better_errors/c679af4f6a7f9520/variables" for ::1 at 2020-09-04 16:52:28 -0700
Started GET "/cats/new" for 127.0.0.1 at 2020-09-04 16:53:24 -0700
Processing by CatsController#show as HTML
  Parameters: {"id"=>"new"}
  [1m[36mCat Load (0.5ms)[0m  [1m[34mSELECT  "cats".* FROM "cats" WHERE "cats"."id" = $1 LIMIT $2[0m  [["id", 0], ["LIMIT", 1]]
  ↳ app/controllers/cats_controller.rb:8
Completed 404 Not Found in 2ms (ActiveRecord: 0.5ms)



ActiveRecord::RecordNotFound - Couldn't find Cat with 'id'=new:
  app/controllers/cats_controller.rb:8:in `show'

Started POST "/__better_errors/3ddfaea7c26051b2/variables" for 127.0.0.1 at 2020-09-04 16:53:24 -0700
Started GET "/cats/2" for ::1 at 2020-09-04 16:53:50 -0700
Processing by CatsController#show as HTML
  Parameters: {"id"=>"2"}
  [1m[36mCat Load (11.1ms)[0m  [1m[34mSELECT  "cats".* FROM "cats" WHERE "cats"."id" = $1 LIMIT $2[0m  [["id", 2], ["LIMIT", 1]]
  ↳ app/controllers/cats_controller.rb:8
  Rendering cats/show.html.erb within layouts/application
  Rendered cats/show.html.erb within layouts/application (1.0ms)
Completed 200 OK in 84ms (Views: 70.5ms | ActiveRecord: 11.1ms)


Started GET "/cats/new" for ::1 at 2020-09-04 16:53:59 -0700
Processing by CatsController#show as HTML
  Parameters: {"id"=>"new"}
  [1m[36mCat Load (0.8ms)[0m  [1m[34mSELECT  "cats".* FROM "cats" WHERE "cats"."id" = $1 LIMIT $2[0m  [["id", 0], ["LIMIT", 1]]
  ↳ app/controllers/cats_controller.rb:8
Completed 404 Not Found in 4ms (ActiveRecord: 0.8ms)



ActiveRecord::RecordNotFound - Couldn't find Cat with 'id'=new:
  app/controllers/cats_controller.rb:8:in `show'

Started POST "/__better_errors/742ff2aed01b1b89/variables" for ::1 at 2020-09-04 16:53:59 -0700
Started GET "/cats/new" for 127.0.0.1 at 2020-09-04 16:54:07 -0700
Processing by CatsController#show as HTML
  Parameters: {"id"=>"new"}
  [1m[36mCat Load (2.9ms)[0m  [1m[34mSELECT  "cats".* FROM "cats" WHERE "cats"."id" = $1 LIMIT $2[0m  [["id", 0], ["LIMIT", 1]]
  ↳ app/controllers/cats_controller.rb:8
Completed 404 Not Found in 7ms (ActiveRecord: 2.9ms)



ActiveRecord::RecordNotFound - Couldn't find Cat with 'id'=new:
  app/controllers/cats_controller.rb:8:in `show'

Started POST "/__better_errors/d063fa2b258c19f1/variables" for 127.0.0.1 at 2020-09-04 16:54:08 -0700
Started GET "/cat/new" for 127.0.0.1 at 2020-09-04 16:57:23 -0700
  
ActionController::RoutingError (No route matches [GET] "/cat/new"):
  
actionpack (5.2.4.3) lib/action_dispatch/middleware/debug_exceptions.rb:65:in `call'
web-console (3.7.0) lib/web_console/middleware.rb:135:in `call_app'
web-console (3.7.0) lib/web_console/middleware.rb:30:in `block in call'
web-console (3.7.0) lib/web_console/middleware.rb:20:in `catch'
web-console (3.7.0) lib/web_console/middleware.rb:20:in `call'
actionpack (5.2.4.3) lib/action_dispatch/middleware/show_exceptions.rb:33:in `call'
railties (5.2.4.3) lib/rails/rack/logger.rb:38:in `call_app'
railties (5.2.4.3) lib/rails/rack/logger.rb:26:in `block in call'
activesupport (5.2.4.3) lib/active_support/tagged_logging.rb:71:in `block in tagged'
activesupport (5.2.4.3) lib/active_support/tagged_logging.rb:28:in `tagged'
activesupport (5.2.4.3) lib/active_support/tagged_logging.rb:71:in `tagged'
railties (5.2.4.3) lib/rails/rack/logger.rb:26:in `call'
sprockets-rails (3.2.1) lib/sprockets/rails/quiet_assets.rb:13:in `call'
actionpack (5.2.4.3) lib/action_dispatch/middleware/remote_ip.rb:81:in `call'
actionpack (5.2.4.3) lib/action_dispatch/middleware/request_id.rb:27:in `call'
rack (2.2.3) lib/rack/method_override.rb:24:in `call'
rack (2.2.3) lib/rack/runtime.rb:22:in `call'
activesupport (5.2.4.3) lib/active_support/cache/strategy/local_cache_middleware.rb:29:in `call'
actionpack (5.2.4.3) lib/action_dispatch/middleware/executor.rb:14:in `call'
actionpack (5.2.4.3) lib/action_dispatch/middleware/static.rb:127:in `call'
rack (2.2.3) lib/rack/sendfile.rb:110:in `call'
railties (5.2.4.3) lib/rails/engine.rb:524:in `call'
puma (3.12.6) lib/puma/configuration.rb:227:in `call'
puma (3.12.6) lib/puma/server.rb:706:in `handle_request'
puma (3.12.6) lib/puma/server.rb:476:in `process_client'
puma (3.12.6) lib/puma/server.rb:334:in `block in run'
puma (3.12.6) lib/puma/thread_pool.rb:135:in `block in spawn_thread'
Started GET "/cats/" for ::1 at 2020-09-04 16:57:48 -0700
Processing by CatsController#index as HTML
  Rendering cats/index.html.erb within layouts/application
  [1m[36mCat Load (0.5ms)[0m  [1m[34mSELECT "cats".* FROM "cats"[0m
  ↳ app/views/cats/index.html.erb:5
  Rendered cats/index.html.erb within layouts/application (16.2ms)
Completed 200 OK in 59ms (Views: 47.7ms | ActiveRecord: 6.3ms)


Started GET "/cats/new" for 127.0.0.1 at 2020-09-04 16:57:52 -0700
Processing by CatsController#show as HTML
  Parameters: {"id"=>"new"}
  [1m[36mCat Load (4.2ms)[0m  [1m[34mSELECT  "cats".* FROM "cats" WHERE "cats"."id" = $1 LIMIT $2[0m  [["id", 0], ["LIMIT", 1]]
  ↳ app/controllers/cats_controller.rb:8
Completed 404 Not Found in 16ms (ActiveRecord: 4.2ms)



ActiveRecord::RecordNotFound - Couldn't find Cat with 'id'=new:
  app/controllers/cats_controller.rb:8:in `show'

Started POST "/__better_errors/584e999ca5dc44b3/variables" for 127.0.0.1 at 2020-09-04 16:57:52 -0700
